Arguments: 
  /Users/chayeoi/.nvm/versions/node/v12.16.1/bin/node /Users/chayeoi/.yarn/bin/yarn.js add grapql-yoga

PATH: 
  /usr/local/Cellar/pyenv-virtualenv/1.1.5/shims:/Users/chayeoi/.pyenv/shims:/usr/local/opt/openssl/bin:/Users/chayeoi/.yarn/bin:/Users/chayeoi/.config/yarn/global/node_modules/.bin:/Users/chayeoi/google-cloud-sdk/bin:/Users/chayeoi/.nvm/versions/node/v12.16.1/bin:/usr/local/bin:/usr/bin:/bin:/usr/sbin:/sbin:/usr/local/opt/fzf/bin

Yarn version: 
  1.22.4

Node version: 
  12.16.1

Platform: 
  darwin x64

Trace: 
  Error: https://registry.yarnpkg.com/grapql-yoga: Not found
      at Request.params.callback [as _callback] (/Users/chayeoi/.yarn/lib/cli.js:66987:18)
      at Request.self.callback (/Users/chayeoi/.yarn/lib/cli.js:140748:22)
      at Request.emit (events.js:311:20)
      at Request.<anonymous> (/Users/chayeoi/.yarn/lib/cli.js:141720:10)
      at Request.emit (events.js:311:20)
      at IncomingMessage.<anonymous> (/Users/chayeoi/.yarn/lib/cli.js:141642:12)
      at Object.onceWrapper (events.js:417:28)
      at IncomingMessage.emit (events.js:323:22)
      at endReadableNT (_stream_readable.js:1204:12)
      at processTicksAndRejections (internal/process/task_queues.js:84:21)

npm manifest: 
  {
    "name": "server",
    "version": "1.0.0",
    "main": "index.js",
    "license": "MIT"
  }

yarn manifest: 
  No manifest

Lockfile: 
  No lockfile
